This file contains any messages produced by compilers while
running configure, to aid debugging if configure makes a mistake.

It was created by sowing configure 1.1.26.10, which was
generated by GNU Autoconf 2.69.  Invocation command line was

  $ ./configure --prefix=/home/jiping/FENGSim/toolkit/NLA/petsc/arch-linux-c-debug CPPFLAGS=-O2

## --------- ##
## Platform. ##
## --------- ##

hostname = jiping-Precision-3440
uname -m = x86_64
uname -r = 6.5.0-35-generic
uname -s = Linux
uname -v = #35~22.04.1-Ubuntu SMP PREEMPT_DYNAMIC Tue May  7 09:00:52 UTC 2

/usr/bin/uname -p = x86_64
/bin/uname -X     = unknown

/bin/arch              = x86_64
/usr/bin/arch -k       = unknown
/usr/convex/getsysinfo = unknown
/usr/bin/hostinfo      = unknown
/bin/machine           = unknown
/usr/bin/oslevel       = unknown
/bin/universe          = unknown

PATH: /usr/local/sbin
PATH: /usr/local/bin
PATH: /usr/sbin
PATH: /usr/bin
PATH: /sbin
PATH: /bin
PATH: /usr/games
PATH: /usr/local/games
PATH: /snap/bin
PATH: /snap/bin


## ----------- ##
## Core tests. ##
## ----------- ##

configure:2870: checking for ranlib
configure:2886: found /usr/bin/ranlib
configure:2897: result: ranlib
configure:2962: checking for a BSD-compatible install
configure:3030: result: /usr/bin/install -c
configure:3062: checking whether install works
configure:3070: result: yes
configure:3085: checking for ar
configure:3101: found /usr/bin/ar
configure:3112: result: ar
configure:3171: checking for gcc
configure:3187: found /usr/bin/gcc
configure:3198: result: gcc
configure:3427: checking for C compiler version
configure:3436: gcc --version >&5
gcc (Ubuntu 11.4.0-1ubuntu1~22.04) 11.4.0
Copyright (C) 2021 Free Software Foundation, Inc.
This is free software; see the source for copying conditions.  There is NO
warranty; not even for MERCHANTABILITY or FITNESS FOR A PARTICULAR PURPOSE.

configure:3447: $? = 0
configure:3436: gcc -v >&5
Using built-in specs.
COLLECT_GCC=gcc
COLLECT_LTO_WRAPPER=/usr/lib/gcc/x86_64-linux-gnu/11/lto-wrapper
OFFLOAD_TARGET_NAMES=nvptx-none:amdgcn-amdhsa
OFFLOAD_TARGET_DEFAULT=1
Target: x86_64-linux-gnu
Configured with: ../src/configure -v --with-pkgversion='Ubuntu 11.4.0-1ubuntu1~22.04' --with-bugurl=file:///usr/share/doc/gcc-11/README.Bugs --enable-languages=c,ada,c++,go,brig,d,fortran,objc,obj-c++,m2 --prefix=/usr --with-gcc-major-version-only --program-suffix=-11 --program-prefix=x86_64-linux-gnu- --enable-shared --enable-linker-build-id --libexecdir=/usr/lib --without-included-gettext --enable-threads=posix --libdir=/usr/lib --enable-nls --enable-bootstrap --enable-clocale=gnu --enable-libstdcxx-debug --enable-libstdcxx-time=yes --with-default-libstdcxx-abi=new --enable-gnu-unique-object --disable-vtable-verify --enable-plugin --enable-default-pie --with-system-zlib --enable-libphobos-checking=release --with-target-system-zlib=auto --enable-objc-gc=auto --enable-multiarch --disable-werror --enable-cet --with-arch-32=i686 --with-abi=m64 --with-multilib-list=m32,m64,mx32 --enable-multilib --with-tune=generic --enable-offload-targets=nvptx-none=/build/gcc-11-XeT9lY/gcc-11-11.4.0/debian/tmp-nvptx/usr,amdgcn-amdhsa=/build/gcc-11-XeT9lY/gcc-11-11.4.0/debian/tmp-gcn/usr --without-cuda-driver --enable-checking=release --build=x86_64-linux-gnu --host=x86_64-linux-gnu --target=x86_64-linux-gnu --with-build-config=bootstrap-lto-lean --enable-link-serialization=2
Thread model: posix
Supported LTO compression algorithms: zlib zstd
gcc version 11.4.0 (Ubuntu 11.4.0-1ubuntu1~22.04) 
... rest of stderr output deleted ...
configure:3447: $? = 0
configure:3436: gcc -V >&5
gcc: error: unrecognized command-line option '-V'
gcc: fatal error: no input files
compilation terminated.
configure:3447: $? = 1
configure:3436: gcc -qversion >&5
gcc: error: unrecognized command-line option '-qversion'; did you mean '--version'?
gcc: fatal error: no input files
compilation terminated.
configure:3447: $? = 1
configure:3467: checking whether the C compiler works
configure:3489: gcc  -O2  conftest.c  >&5
configure:3493: $? = 0
configure:3541: result: yes
configure:3544: checking for C compiler default output file name
configure:3546: result: a.out
configure:3552: checking for suffix of executables
configure:3559: gcc -o conftest  -O2  conftest.c  >&5
configure:3563: $? = 0
configure:3585: result: 
configure:3607: checking whether we are cross compiling
configure:3615: gcc -o conftest  -O2  conftest.c  >&5
configure:3619: $? = 0
configure:3626: ./conftest
configure:3630: $? = 0
configure:3645: result: no
configure:3650: checking for suffix of object files
configure:3672: gcc -c  -O2 conftest.c >&5
configure:3676: $? = 0
configure:3697: result: o
configure:3701: checking whether we are using the GNU C compiler
configure:3720: gcc -c  -O2 conftest.c >&5
configure:3720: $? = 0
configure:3729: result: yes
configure:3738: checking whether gcc accepts -g
configure:3758: gcc -c -g -O2 conftest.c >&5
configure:3758: $? = 0
configure:3799: result: yes
configure:3816: checking for gcc option to accept ISO C89
configure:3879: gcc  -c -g -O2 -O2 conftest.c >&5
configure:3879: $? = 0
configure:3892: result: none needed
configure:3917: checking for c++
configure:3933: found /usr/bin/c++
configure:3944: result: c++
configure:4068: checking for C++ compiler version
configure:4077: c++ --version >&5
c++ (Ubuntu 11.4.0-1ubuntu1~22.04) 11.4.0
Copyright (C) 2021 Free Software Foundation, Inc.
This is free software; see the source for copying conditions.  There is NO
warranty; not even for MERCHANTABILITY or FITNESS FOR A PARTICULAR PURPOSE.

configure:4088: $? = 0
configure:4077: c++ -v >&5
Using built-in specs.
COLLECT_GCC=c++
COLLECT_LTO_WRAPPER=/usr/lib/gcc/x86_64-linux-gnu/11/lto-wrapper
OFFLOAD_TARGET_NAMES=nvptx-none:amdgcn-amdhsa
OFFLOAD_TARGET_DEFAULT=1
Target: x86_64-linux-gnu
Configured with: ../src/configure -v --with-pkgversion='Ubuntu 11.4.0-1ubuntu1~22.04' --with-bugurl=file:///usr/share/doc/gcc-11/README.Bugs --enable-languages=c,ada,c++,go,brig,d,fortran,objc,obj-c++,m2 --prefix=/usr --with-gcc-major-version-only --program-suffix=-11 --program-prefix=x86_64-linux-gnu- --enable-shared --enable-linker-build-id --libexecdir=/usr/lib --without-included-gettext --enable-threads=posix --libdir=/usr/lib --enable-nls --enable-bootstrap --enable-clocale=gnu --enable-libstdcxx-debug --enable-libstdcxx-time=yes --with-default-libstdcxx-abi=new --enable-gnu-unique-object --disable-vtable-verify --enable-plugin --enable-default-pie --with-system-zlib --enable-libphobos-checking=release --with-target-system-zlib=auto --enable-objc-gc=auto --enable-multiarch --disable-werror --enable-cet --with-arch-32=i686 --with-abi=m64 --with-multilib-list=m32,m64,mx32 --enable-multilib --with-tune=generic --enable-offload-targets=nvptx-none=/build/gcc-11-XeT9lY/gcc-11-11.4.0/debian/tmp-nvptx/usr,amdgcn-amdhsa=/build/gcc-11-XeT9lY/gcc-11-11.4.0/debian/tmp-gcn/usr --without-cuda-driver --enable-checking=release --build=x86_64-linux-gnu --host=x86_64-linux-gnu --target=x86_64-linux-gnu --with-build-config=bootstrap-lto-lean --enable-link-serialization=2
Thread model: posix
Supported LTO compression algorithms: zlib zstd
gcc version 11.4.0 (Ubuntu 11.4.0-1ubuntu1~22.04) 
... rest of stderr output deleted ...
configure:4088: $? = 0
configure:4077: c++ -V >&5
c++: error: unrecognized command-line option '-V'
c++: fatal error: no input files
compilation terminated.
configure:4088: $? = 1
configure:4077: c++ -qversion >&5
c++: error: unrecognized command-line option '-qversion'; did you mean '--version'?
c++: fatal error: no input files
compilation terminated.
configure:4088: $? = 1
configure:4092: checking whether we are using the GNU C++ compiler
configure:4111: c++ -c  -O2 conftest.cpp >&5
configure:4111: $? = 0
configure:4120: result: yes
configure:4129: checking whether c++ accepts -g
configure:4149: c++ -c -g -O2 conftest.cpp >&5
configure:4149: $? = 0
configure:4190: result: yes
configure:5787: checking for virtual path format
configure:5830: result: VPATH
configure:5851: checking for latex
configure:5869: found /usr/bin/latex
configure:5881: result: /usr/bin/latex
configure:5891: checking for gs
configure:5909: found /usr/bin/gs
configure:5921: result: /usr/bin/gs
configure:5952: checking for pnmcrop
configure:5970: found /usr/bin/pnmcrop
configure:5982: result: /usr/bin/pnmcrop
configure:5992: checking for pbmtoxbm
configure:6010: found /usr/bin/pbmtoxbm
configure:6022: result: /usr/bin/pbmtoxbm
configure:6032: checking for ppmtogif
configure:6050: found /usr/bin/ppmtogif
configure:6062: result: /usr/bin/ppmtogif
configure:6072: checking for pnmquant
configure:6090: found /usr/bin/pnmquant
configure:6102: result: /usr/bin/pnmquant
configure:6112: checking for perl
configure:6130: found /usr/bin/perl
configure:6142: result: /usr/bin/perl
configure:6157: checking how to run the C preprocessor
configure:6188: gcc -E -O2 conftest.c
configure:6188: $? = 0
configure:6202: gcc -E -O2 conftest.c
conftest.c:10:10: fatal error: ac_nonexistent.h: No such file or directory
   10 | #include <ac_nonexistent.h>
      |          ^~~~~~~~~~~~~~~~~~
compilation terminated.
configure:6202: $? = 1
configure: failed program was:
| /* confdefs.h */
| #define PACKAGE_NAME "sowing"
| #define PACKAGE_TARNAME "sowing-1.1.26.10"
| #define PACKAGE_VERSION "1.1.26.10"
| #define PACKAGE_STRING "sowing 1.1.26.10"
| #define PACKAGE_BUGREPORT "wgropp@illinois.edu"
| #define PACKAGE_URL ""
| #define INCLUDED_SOWINGCONF 1
| /* end confdefs.h.  */
| #include <ac_nonexistent.h>
configure:6227: result: gcc -E
configure:6247: gcc -E -O2 conftest.c
configure:6247: $? = 0
configure:6261: gcc -E -O2 conftest.c
conftest.c:10:10: fatal error: ac_nonexistent.h: No such file or directory
   10 | #include <ac_nonexistent.h>
      |          ^~~~~~~~~~~~~~~~~~
compilation terminated.
configure:6261: $? = 1
configure: failed program was:
| /* confdefs.h */
| #define PACKAGE_NAME "sowing"
| #define PACKAGE_TARNAME "sowing-1.1.26.10"
| #define PACKAGE_VERSION "1.1.26.10"
| #define PACKAGE_STRING "sowing 1.1.26.10"
| #define PACKAGE_BUGREPORT "wgropp@illinois.edu"
| #define PACKAGE_URL ""
| #define INCLUDED_SOWINGCONF 1
| /* end confdefs.h.  */
| #include <ac_nonexistent.h>
configure:6290: checking for egrep
configure:6352: result: /usr/bin/egrep
configure:6357: checking for ANSI C header files
configure:6377: gcc -c -g -O2 -O2 conftest.c >&5
configure:6377: $? = 0
configure:6450: gcc -o conftest -g -O2 -O2  conftest.c  >&5
configure:6450: $? = 0
configure:6450: ./conftest
configure:6450: $? = 0
configure:6461: result: yes
configure:6474: checking for sys/types.h
configure:6474: gcc -c -g -O2 -O2 conftest.c >&5
configure:6474: $? = 0
configure:6474: result: yes
configure:6474: checking for sys/stat.h
configure:6474: gcc -c -g -O2 -O2 conftest.c >&5
configure:6474: $? = 0
configure:6474: result: yes
configure:6474: checking for stdlib.h
configure:6474: gcc -c -g -O2 -O2 conftest.c >&5
configure:6474: $? = 0
configure:6474: result: yes
configure:6474: checking for string.h
configure:6474: gcc -c -g -O2 -O2 conftest.c >&5
configure:6474: $? = 0
configure:6474: result: yes
configure:6474: checking for memory.h
configure:6474: gcc -c -g -O2 -O2 conftest.c >&5
configure:6474: $? = 0
configure:6474: result: yes
configure:6474: checking for strings.h
configure:6474: gcc -c -g -O2 -O2 conftest.c >&5
configure:6474: $? = 0
configure:6474: result: yes
configure:6474: checking for inttypes.h
configure:6474: gcc -c -g -O2 -O2 conftest.c >&5
configure:6474: $? = 0
configure:6474: result: yes
configure:6474: checking for stdint.h
configure:6474: gcc -c -g -O2 -O2 conftest.c >&5
configure:6474: $? = 0
configure:6474: result: yes
configure:6474: checking for unistd.h
configure:6474: gcc -c -g -O2 -O2 conftest.c >&5
configure:6474: $? = 0
configure:6474: result: yes
configure:6489: checking fcntl.h usability
configure:6489: gcc -c -g -O2 -O2 conftest.c >&5
configure:6489: $? = 0
configure:6489: result: yes
configure:6489: checking fcntl.h presence
configure:6489: gcc -E -O2 conftest.c
configure:6489: $? = 0
configure:6489: result: yes
configure:6489: checking for fcntl.h
configure:6489: result: yes
configure:6489: checking sys/time.h usability
configure:6489: gcc -c -g -O2 -O2 conftest.c >&5
configure:6489: $? = 0
configure:6489: result: yes
configure:6489: checking sys/time.h presence
configure:6489: gcc -E -O2 conftest.c
configure:6489: $? = 0
configure:6489: result: yes
configure:6489: checking for sys/time.h
configure:6489: result: yes
configure:6489: checking for unistd.h
configure:6489: result: yes
configure:6489: checking pwd.h usability
configure:6489: gcc -c -g -O2 -O2 conftest.c >&5
configure:6489: $? = 0
configure:6489: result: yes
configure:6489: checking pwd.h presence
configure:6489: gcc -E -O2 conftest.c
configure:6489: $? = 0
configure:6489: result: yes
configure:6489: checking for pwd.h
configure:6489: result: yes
configure:6489: checking for stdlib.h
configure:6489: result: yes
configure:6489: checking netdb.h usability
configure:6489: gcc -c -g -O2 -O2 conftest.c >&5
configure:6489: $? = 0
configure:6489: result: yes
configure:6489: checking netdb.h presence
configure:6489: gcc -E -O2 conftest.c
configure:6489: $? = 0
configure:6489: result: yes
configure:6489: checking for netdb.h
configure:6489: result: yes
configure:6489: checking for string.h
configure:6489: result: yes
configure:6528: checking for an ANSI C-conforming const
configure:6594: gcc -c -g -O2 -O2 conftest.c >&5
configure:6594: $? = 0
configure:6601: result: yes
configure:6609: checking for C/C++ restrict keyword
configure:6634: gcc -c -g -O2 -O2 conftest.c >&5
configure:6634: $? = 0
configure:6642: result: __restrict
configure:6655: checking for uid_t in sys/types.h
configure:6674: result: yes
configure:6685: checking for size_t
configure:6685: gcc -c -g -O2 -O2 conftest.c >&5
configure:6685: $? = 0
configure:6685: gcc -c -g -O2 -O2 conftest.c >&5
conftest.c: In function 'main':
conftest.c:64:21: error: expected expression before ')' token
   64 | if (sizeof ((size_t)))
      |                     ^
configure:6685: $? = 1
configure: failed program was:
| /* confdefs.h */
| #define PACKAGE_NAME "sowing"
| #define PACKAGE_TARNAME "sowing-1.1.26.10"
| #define PACKAGE_VERSION "1.1.26.10"
| #define PACKAGE_STRING "sowing 1.1.26.10"
| #define PACKAGE_BUGREPORT "wgropp@illinois.edu"
| #define PACKAGE_URL ""
| #define INCLUDED_SOWINGCONF 1
| #define STDC_HEADERS 1
| #define HAVE_SYS_TYPES_H 1
| #define HAVE_SYS_STAT_H 1
| #define HAVE_STDLIB_H 1
| #define HAVE_STRING_H 1
| #define HAVE_MEMORY_H 1
| #define HAVE_STRINGS_H 1
| #define HAVE_INTTYPES_H 1
| #define HAVE_STDINT_H 1
| #define HAVE_UNISTD_H 1
| #define HAVE_FCNTL_H 1
| #define HAVE_SYS_TIME_H 1
| #define HAVE_UNISTD_H 1
| #define HAVE_PWD_H 1
| #define HAVE_STDLIB_H 1
| #define HAVE_NETDB_H 1
| #define HAVE_STRING_H 1
| #define restrict __restrict
| /* end confdefs.h.  */
| #include <stdio.h>
| #ifdef HAVE_SYS_TYPES_H
| # include <sys/types.h>
| #endif
| #ifdef HAVE_SYS_STAT_H
| # include <sys/stat.h>
| #endif
| #ifdef STDC_HEADERS
| # include <stdlib.h>
| # include <stddef.h>
| #else
| # ifdef HAVE_STDLIB_H
| #  include <stdlib.h>
| # endif
| #endif
| #ifdef HAVE_STRING_H
| # if !defined STDC_HEADERS && defined HAVE_MEMORY_H
| #  include <memory.h>
| # endif
| # include <string.h>
| #endif
| #ifdef HAVE_STRINGS_H
| # include <strings.h>
| #endif
| #ifdef HAVE_INTTYPES_H
| # include <inttypes.h>
| #endif
| #ifdef HAVE_STDINT_H
| # include <stdint.h>
| #endif
| #ifdef HAVE_UNISTD_H
| # include <unistd.h>
| #endif
| int
| main ()
| {
| if (sizeof ((size_t)))
| 	    return 0;
|   ;
|   return 0;
| }
configure:6685: result: yes
configure:6696: checking whether time.h and sys/time.h may both be included
configure:6716: gcc -c -g -O2 -O2 conftest.c >&5
configure:6716: $? = 0
configure:6723: result: yes
configure:6731: checking whether struct tm is in sys/time.h or time.h
configure:6751: gcc -c -g -O2 -O2 conftest.c >&5
configure:6751: $? = 0
configure:6758: result: time.h
configure:6773: checking size of void *
configure:6778: gcc -o conftest -g -O2 -O2  conftest.c  >&5
configure:6778: $? = 0
configure:6778: ./conftest
configure:6778: $? = 0
configure:6792: result: 8
configure:6806: checking size of int
configure:6811: gcc -o conftest -g -O2 -O2  conftest.c  >&5
configure:6811: $? = 0
configure:6811: ./conftest
configure:6811: $? = 0
configure:6825: result: 4
configure:6839: checking size of long
configure:6844: gcc -o conftest -g -O2 -O2  conftest.c  >&5
configure:6844: $? = 0
configure:6844: ./conftest
configure:6844: $? = 0
configure:6858: result: 8
configure:6872: checking size of long long
configure:6877: gcc -o conftest -g -O2 -O2  conftest.c  >&5
configure:6877: $? = 0
configure:6877: ./conftest
configure:6877: $? = 0
configure:6891: result: 8
configure:6927: checking for vprintf
configure:6927: gcc -o conftest -g -O2 -O2  conftest.c  >&5
conftest.c:57:6: warning: conflicting types for built-in function 'vprintf'; expected 'int(const char *, __va_list_tag *)' [-Wbuiltin-declaration-mismatch]
   57 | char vprintf ();
      |      ^~~~~~~
conftest.c:45:1: note: 'vprintf' is declared in header '<stdio.h>'
   44 | # include <limits.h>
   45 | #else
configure:6927: $? = 0
configure:6927: result: yes
configure:6933: checking for _doprnt
configure:6933: gcc -o conftest -g -O2 -O2  conftest.c  >&5
/usr/bin/ld: /tmp/ccJcFRoO.o: in function `main':
/home/jiping/FENGSim/toolkit/NLA/petsc/arch-linux-c-debug/externalpackages/git.sowing/conftest.c:69: undefined reference to `_doprnt'
collect2: error: ld returned 1 exit status
configure:6933: $? = 1
configure: failed program was:
| /* confdefs.h */
| #define PACKAGE_NAME "sowing"
| #define PACKAGE_TARNAME "sowing-1.1.26.10"
| #define PACKAGE_VERSION "1.1.26.10"
| #define PACKAGE_STRING "sowing 1.1.26.10"
| #define PACKAGE_BUGREPORT "wgropp@illinois.edu"
| #define PACKAGE_URL ""
| #define INCLUDED_SOWINGCONF 1
| #define STDC_HEADERS 1
| #define HAVE_SYS_TYPES_H 1
| #define HAVE_SYS_STAT_H 1
| #define HAVE_STDLIB_H 1
| #define HAVE_STRING_H 1
| #define HAVE_MEMORY_H 1
| #define HAVE_STRINGS_H 1
| #define HAVE_INTTYPES_H 1
| #define HAVE_STDINT_H 1
| #define HAVE_UNISTD_H 1
| #define HAVE_FCNTL_H 1
| #define HAVE_SYS_TIME_H 1
| #define HAVE_UNISTD_H 1
| #define HAVE_PWD_H 1
| #define HAVE_STDLIB_H 1
| #define HAVE_NETDB_H 1
| #define HAVE_STRING_H 1
| #define restrict __restrict
| #define TIME_WITH_SYS_TIME 1
| #define SIZEOF_VOID_P 8
| #define SIZEOF_INT 4
| #define SIZEOF_LONG 8
| #define SIZEOF_LONG_LONG 8
| #define PTRINT long
| #define HAVE_VPRINTF 1
| /* end confdefs.h.  */
| /* Define _doprnt to an innocuous variant, in case <limits.h> declares _doprnt.
|    For example, HP-UX 11i <limits.h> declares gettimeofday.  */
| #define _doprnt innocuous__doprnt
| 
| /* System header to define __stub macros and hopefully few prototypes,
|     which can conflict with char _doprnt (); below.
|     Prefer <limits.h> to <assert.h> if __STDC__ is defined, since
|     <limits.h> exists even on freestanding compilers.  */
| 
| #ifdef __STDC__
| # include <limits.h>
| #else
| # include <assert.h>
| #endif
| 
| #undef _doprnt
| 
| /* Override any GCC internal prototype to avoid an error.
|    Use char because int might match the return type of a GCC
|    builtin and then its argument prototype would still apply.  */
| #ifdef __cplusplus
| extern "C"
| #endif
| char _doprnt ();
| /* The GNU C library defines this for functions which it implements
|     to always fail with ENOSYS.  Some functions are actually named
|     something starting with __ and the normal name is an alias.  */
| #if defined __stub__doprnt || defined __stub____doprnt
| choke me
| #endif
| 
| int
| main ()
| {
| return _doprnt ();
|   ;
|   return 0;
| }
configure:6933: result: no
configure:6947: checking for getcwd
configure:6947: gcc -o conftest -g -O2 -O2  conftest.c  >&5
configure:6947: $? = 0
configure:6947: result: yes
configure:6947: checking for gethostname
configure:6947: gcc -o conftest -g -O2 -O2  conftest.c  >&5
configure:6947: $? = 0
configure:6947: result: yes
configure:6947: checking for getwd
configure:6947: gcc -o conftest -g -O2 -O2  conftest.c  >&5
/usr/bin/ld: /tmp/ccFLQLYf.o: in function `main':
/home/jiping/FENGSim/toolkit/NLA/petsc/arch-linux-c-debug/externalpackages/git.sowing/conftest.c:71: warning: the `getwd' function is dangerous and should not be used.
configure:6947: $? = 0
configure:6947: result: yes
configure:6947: checking for mkdir
configure:6947: gcc -o conftest -g -O2 -O2  conftest.c  >&5
configure:6947: $? = 0
configure:6947: result: yes
configure:6956: checking that mkdir accepts -p
configure:6960: result: yes
configure:6970: checking for uname
configure:6970: gcc -o conftest -g -O2 -O2  conftest.c  >&5
configure:6970: $? = 0
configure:6970: result: yes
configure:6978: checking for gethostbyname
configure:6978: gcc -o conftest -g -O2 -O2  conftest.c  >&5
configure:6978: $? = 0
configure:6978: result: yes
configure:7087: checking how to run the C++ preprocessor
configure:7114: c++ -E -O2 conftest.cpp
configure:7114: $? = 0
configure:7128: c++ -E -O2 conftest.cpp
conftest.cpp:39:10: fatal error: ac_nonexistent.h: No such file or directory
   39 | #include <ac_nonexistent.h>
      |          ^~~~~~~~~~~~~~~~~~
compilation terminated.
configure:7128: $? = 1
configure: failed program was:
| /* confdefs.h */
| #define PACKAGE_NAME "sowing"
| #define PACKAGE_TARNAME "sowing-1.1.26.10"
| #define PACKAGE_VERSION "1.1.26.10"
| #define PACKAGE_STRING "sowing 1.1.26.10"
| #define PACKAGE_BUGREPORT "wgropp@illinois.edu"
| #define PACKAGE_URL ""
| #define INCLUDED_SOWINGCONF 1
| #define STDC_HEADERS 1
| #define HAVE_SYS_TYPES_H 1
| #define HAVE_SYS_STAT_H 1
| #define HAVE_STDLIB_H 1
| #define HAVE_STRING_H 1
| #define HAVE_MEMORY_H 1
| #define HAVE_STRINGS_H 1
| #define HAVE_INTTYPES_H 1
| #define HAVE_STDINT_H 1
| #define HAVE_UNISTD_H 1
| #define HAVE_FCNTL_H 1
| #define HAVE_SYS_TIME_H 1
| #define HAVE_UNISTD_H 1
| #define HAVE_PWD_H 1
| #define HAVE_STDLIB_H 1
| #define HAVE_NETDB_H 1
| #define HAVE_STRING_H 1
| #define restrict __restrict
| #define TIME_WITH_SYS_TIME 1
| #define SIZEOF_VOID_P 8
| #define SIZEOF_INT 4
| #define SIZEOF_LONG 8
| #define SIZEOF_LONG_LONG 8
| #define PTRINT long
| #define HAVE_VPRINTF 1
| #define HAVE_GETCWD 1
| #define HAVE_GETHOSTNAME 1
| #define HAVE_GETWD 1
| #define HAVE_MKDIR 1
| /* end confdefs.h.  */
| #include <ac_nonexistent.h>
configure:7153: result: c++ -E
configure:7173: c++ -E -O2 conftest.cpp
configure:7173: $? = 0
configure:7187: c++ -E -O2 conftest.cpp
conftest.cpp:39:10: fatal error: ac_nonexistent.h: No such file or directory
   39 | #include <ac_nonexistent.h>
      |          ^~~~~~~~~~~~~~~~~~
compilation terminated.
configure:7187: $? = 1
configure: failed program was:
| /* confdefs.h */
| #define PACKAGE_NAME "sowing"
| #define PACKAGE_TARNAME "sowing-1.1.26.10"
| #define PACKAGE_VERSION "1.1.26.10"
| #define PACKAGE_STRING "sowing 1.1.26.10"
| #define PACKAGE_BUGREPORT "wgropp@illinois.edu"
| #define PACKAGE_URL ""
| #define INCLUDED_SOWINGCONF 1
| #define STDC_HEADERS 1
| #define HAVE_SYS_TYPES_H 1
| #define HAVE_SYS_STAT_H 1
| #define HAVE_STDLIB_H 1
| #define HAVE_STRING_H 1
| #define HAVE_MEMORY_H 1
| #define HAVE_STRINGS_H 1
| #define HAVE_INTTYPES_H 1
| #define HAVE_STDINT_H 1
| #define HAVE_UNISTD_H 1
| #define HAVE_FCNTL_H 1
| #define HAVE_SYS_TIME_H 1
| #define HAVE_UNISTD_H 1
| #define HAVE_PWD_H 1
| #define HAVE_STDLIB_H 1
| #define HAVE_NETDB_H 1
| #define HAVE_STRING_H 1
| #define restrict __restrict
| #define TIME_WITH_SYS_TIME 1
| #define SIZEOF_VOID_P 8
| #define SIZEOF_INT 4
| #define SIZEOF_LONG 8
| #define SIZEOF_LONG_LONG 8
| #define PTRINT long
| #define HAVE_VPRINTF 1
| #define HAVE_GETCWD 1
| #define HAVE_GETHOSTNAME 1
| #define HAVE_GETWD 1
| #define HAVE_MKDIR 1
| /* end confdefs.h.  */
| #include <ac_nonexistent.h>
configure:7219: checking time.h usability
configure:7219: c++ -c -g -O2 -O2 conftest.cpp >&5
configure:7219: $? = 0
configure:7219: result: yes
configure:7219: checking time.h presence
configure:7219: c++ -E -O2 conftest.cpp
configure:7219: $? = 0
configure:7219: result: yes
configure:7219: checking for time.h
configure:7219: result: yes
configure:7219: checking sys/param.h usability
configure:7219: c++ -c -g -O2 -O2 conftest.cpp >&5
configure:7219: $? = 0
configure:7219: result: yes
configure:7219: checking sys/param.h presence
configure:7219: c++ -E -O2 conftest.cpp
configure:7219: $? = 0
configure:7219: result: yes
configure:7219: checking for sys/param.h
configure:7219: result: yes
configure:7232: checking for realpath
configure:7232: c++ -o conftest -g -O2 -O2  conftest.cpp  >&5
configure:7232: $? = 0
configure:7232: result: yes
configure:7232: checking for readlink
configure:7232: c++ -o conftest -g -O2 -O2  conftest.cpp  >&5
configure:7232: $? = 0
configure:7232: result: yes
configure:7390: creating ./config.status

## ---------------------- ##
## Running config.status. ##
## ---------------------- ##

This file was extended by sowing config.status 1.1.26.10, which was
generated by GNU Autoconf 2.69.  Invocation command line was

  CONFIG_FILES    = 
  CONFIG_HEADERS  = 
  CONFIG_LINKS    = 
  CONFIG_COMMANDS = 
  $ ./config.status 

on jiping-Precision-3440

config.status:885: creating Makefile
config.status:885: creating Makerules
config.status:885: creating src/Makefile
config.status:885: creating src/sys/Makefile
config.status:885: creating src/sys/testing/Makefile
config.status:885: creating src/tohtml/Makefile
config.status:885: creating src/tohtml/tohtmlpath.h
config.status:885: creating src/tohtml/testing/Makefile
config.status:885: creating bin/pstoxbm
config.status:885: creating bin/pstogif
config.status:885: creating bin/bib2html
config.status:885: creating src/bfort/Makefile
config.status:885: creating src/bfort/testing/Makefile
config.status:885: creating src/textfilt/Makefile
config.status:885: creating src/doctext/Makefile
config.status:885: creating src/doctext/docpath.h
config.status:885: creating src/doctext/test/Makefile
config.status:885: creating src/mapnames/Makefile
config.status:885: creating src/bib2html/Makefile
config.status:885: creating docs/Makefile
config.status:885: creating docs/bfort/Makefile
config.status:885: creating docs/doctext/Makefile
config.status:885: creating docs/install/Makefile
config.status:885: creating docs/tohtml/Makefile
config.status:885: creating include/patchlevel.h
config.status:885: creating include/textfilt/textpath.h
config.status:885: creating src/bfort/testing2/Makefile
config.status:885: creating include/sowingconfig.h
config.status:1074: executing bib2html commands

## ---------------- ##
## Cache variables. ##
## ---------------- ##

ac_cv_c_compiler_gnu=yes
ac_cv_c_const=yes
ac_cv_c_restrict=__restrict
ac_cv_cxx_compiler_gnu=yes
ac_cv_env_CCC_set=
ac_cv_env_CCC_value=
ac_cv_env_CC_set=
ac_cv_env_CC_value=
ac_cv_env_CFLAGS_set=
ac_cv_env_CFLAGS_value=
ac_cv_env_CPPFLAGS_set=set
ac_cv_env_CPPFLAGS_value=-O2
ac_cv_env_CPP_set=
ac_cv_env_CPP_value=
ac_cv_env_CXXCPP_set=
ac_cv_env_CXXCPP_value=
ac_cv_env_CXXFLAGS_set=
ac_cv_env_CXXFLAGS_value=
ac_cv_env_CXX_set=
ac_cv_env_CXX_value=
ac_cv_env_LDFLAGS_set=
ac_cv_env_LDFLAGS_value=
ac_cv_env_LIBS_set=
ac_cv_env_LIBS_value=
ac_cv_env_build_alias_set=
ac_cv_env_build_alias_value=
ac_cv_env_host_alias_set=
ac_cv_env_host_alias_value=
ac_cv_env_target_alias_set=
ac_cv_env_target_alias_value=
ac_cv_func__doprnt=no
ac_cv_func_getcwd=yes
ac_cv_func_gethostbyname=yes
ac_cv_func_gethostname=yes
ac_cv_func_getwd=yes
ac_cv_func_mkdir=yes
ac_cv_func_readlink=yes
ac_cv_func_realpath=yes
ac_cv_func_uname=yes
ac_cv_func_vprintf=yes
ac_cv_header_fcntl_h=yes
ac_cv_header_inttypes_h=yes
ac_cv_header_memory_h=yes
ac_cv_header_netdb_h=yes
ac_cv_header_pwd_h=yes
ac_cv_header_stdc=yes
ac_cv_header_stdint_h=yes
ac_cv_header_stdlib_h=yes
ac_cv_header_string_h=yes
ac_cv_header_strings_h=yes
ac_cv_header_sys_param_h=yes
ac_cv_header_sys_stat_h=yes
ac_cv_header_sys_time_h=yes
ac_cv_header_sys_types_h=yes
ac_cv_header_time=yes
ac_cv_header_time_h=yes
ac_cv_header_unistd_h=yes
ac_cv_objext=o
ac_cv_path_EGREP=/usr/bin/egrep
ac_cv_path_GS=/usr/bin/gs
ac_cv_path_LATEX=/usr/bin/latex
ac_cv_path_PBMTOXBM=/usr/bin/pbmtoxbm
ac_cv_path_PERL=/usr/bin/perl
ac_cv_path_PNMCROP=/usr/bin/pnmcrop
ac_cv_path_PNMQUANT=/usr/bin/pnmquant
ac_cv_path_PPMTOGIF=/usr/bin/ppmtogif
ac_cv_path_install='/usr/bin/install -c'
ac_cv_prog_AR=ar
ac_cv_prog_CPP='gcc -E'
ac_cv_prog_CXX=c++
ac_cv_prog_CXXCPP='c++ -E'
ac_cv_prog_ac_ct_CC=gcc
ac_cv_prog_ac_ct_RANLIB=ranlib
ac_cv_prog_cc_c89=
ac_cv_prog_cc_g=yes
ac_cv_prog_cxx_g=yes
ac_cv_sizeof_int=4
ac_cv_sizeof_long=8
ac_cv_sizeof_long_long=8
ac_cv_sizeof_void_p=8
ac_cv_struct_tm=time.h
ac_cv_type_size_t=yes
ac_cv_type_uid_t=yes
pac_cv_my_conf_dir=/home/jiping/FENGSim/toolkit/NLA/petsc/arch-linux-c-debug/externalpackages/git.sowing
pac_cv_prog_make_vpath=VPATH

## ----------------- ##
## Output variables. ##
## ----------------- ##

AR='ar'
CC='gcc'
CFLAGS='-g -O2'
CONFIGURE_OPTIONS=' '\''--prefix=/home/jiping/FENGSim/toolkit/NLA/petsc/arch-linux-c-debug'\'' '\''CPPFLAGS=-O2'\'''
COPTIONS=''
CPP='gcc -E'
CPPFLAGS='-O2'
CXX='c++'
CXXCPP='c++ -E'
CXXFLAGS='-g -O2'
CXXOPTIONS=''
DEFS='-DHAVE_CONFIG_H'
ECHO_C=''
ECHO_N='-n'
ECHO_T=''
EGREP='/usr/bin/egrep'
EXEEXT=''
FGREP=''
GREP=''
GS='/usr/bin/gs'
INSTALL_DATA='${INSTALL} -m 644'
INSTALL_PROGRAM='${INSTALL}'
INSTALL_SCRIPT='${INSTALL}'
LATEX='/usr/bin/latex'
LDFLAGS=''
LIBOBJS=''
LIBS=''
LTLIBOBJS=''
MAKE='make'
MKDIR='mkdir -p'
OBJEXT='o'
PACKAGE_BUGREPORT='wgropp@illinois.edu'
PACKAGE_MAJOR_VERSION='1'
PACKAGE_MINOR_VERSION='26'
PACKAGE_NAME='sowing'
PACKAGE_STRING='sowing 1.1.26.10'
PACKAGE_SUBMINOR_VERSION='10'
PACKAGE_TARNAME='sowing-1.1.26.10'
PACKAGE_URL=''
PACKAGE_VERSION='1.1.26.10'
PATH_SEPARATOR=':'
PBMTOXBM='/usr/bin/pbmtoxbm'
PERL='/usr/bin/perl'
PNMCROP='/usr/bin/pnmcrop'
PNMQUANT='/usr/bin/pnmquant'
PPMTOGIF='/usr/bin/ppmtogif'
RANLIB='ranlib'
SHELL='/bin/bash'
VPATH='VPATH=.:${srcdir}'
ac_ct_CC='gcc'
ac_ct_CXX=''
bindir='${exec_prefix}/bin'
build_alias=''
datadir='${datarootdir}'
datarootdir='${prefix}/share'
docdir='${datarootdir}/doc/${PACKAGE_TARNAME}'
dvidir='${docdir}'
exec_prefix='${prefix}'
expanded_bindir='/home/jiping/FENGSim/toolkit/NLA/petsc/arch-linux-c-debug/bin'
expanded_datadir='/home/jiping/FENGSim/toolkit/NLA/petsc/arch-linux-c-debug/share'
expanded_datarootdir='/home/jiping/FENGSim/toolkit/NLA/petsc/arch-linux-c-debug/share'
host_alias=''
htmldir='${docdir}'
includedir='${prefix}/include'
infodir='${datarootdir}/info'
libdir='${exec_prefix}/lib'
libexecdir='${exec_prefix}/libexec'
localedir='${datarootdir}/locale'
localstatedir='${prefix}/var'
mandir='${datarootdir}/man'
oldincludedir='/usr/include'
optflags=''
pdfdir='${docdir}'
prefix='/home/jiping/FENGSim/toolkit/NLA/petsc/arch-linux-c-debug'
program_transform_name='s,x,x,'
psdir='${docdir}'
sbindir='${exec_prefix}/sbin'
sharedstatedir='${prefix}/com'
sysconfdir='${prefix}/etc'
target_alias=''
wwwdir='${prefix}/www'

## ----------- ##
## confdefs.h. ##
## ----------- ##

/* confdefs.h */
#define PACKAGE_NAME "sowing"
#define PACKAGE_TARNAME "sowing-1.1.26.10"
#define PACKAGE_VERSION "1.1.26.10"
#define PACKAGE_STRING "sowing 1.1.26.10"
#define PACKAGE_BUGREPORT "wgropp@illinois.edu"
#define PACKAGE_URL ""
#define INCLUDED_SOWINGCONF 1
#define STDC_HEADERS 1
#define HAVE_SYS_TYPES_H 1
#define HAVE_SYS_STAT_H 1
#define HAVE_STDLIB_H 1
#define HAVE_STRING_H 1
#define HAVE_MEMORY_H 1
#define HAVE_STRINGS_H 1
#define HAVE_INTTYPES_H 1
#define HAVE_STDINT_H 1
#define HAVE_UNISTD_H 1
#define HAVE_FCNTL_H 1
#define HAVE_SYS_TIME_H 1
#define HAVE_UNISTD_H 1
#define HAVE_PWD_H 1
#define HAVE_STDLIB_H 1
#define HAVE_NETDB_H 1
#define HAVE_STRING_H 1
#define restrict __restrict
#define TIME_WITH_SYS_TIME 1
#define SIZEOF_VOID_P 8
#define SIZEOF_INT 4
#define SIZEOF_LONG 8
#define SIZEOF_LONG_LONG 8
#define PTRINT long
#define HAVE_VPRINTF 1
#define HAVE_GETCWD 1
#define HAVE_GETHOSTNAME 1
#define HAVE_GETWD 1
#define HAVE_MKDIR 1
#define HAVE_TIME_H 1
#define HAVE_SYS_PARAM_H 1
#define HAVE_REALPATH 1
#define HAVE_READLINK 1

configure: exit 0
